Flow report for aes_encrypter
Sat Apr 12 15:36:39 2025
Quartus Prime Version 16.1.0 Build 196 10/24/2016 SJ Lite Edition


---------------------
; Table of Contents ;
---------------------
  1. Legal Notice
  2. Flow Summary
  3. Flow Settings
  4. Flow Non-Default Global Settings
  5. Flow Elapsed Time
  6. Flow OS Summary
  7. Flow Log
  8. Flow Messages
  9. Flow Suppressed Messages



----------------
; Legal Notice ;
----------------
Copyright (C) 2016  Intel Corporation. All rights reserved.
Your use of Intel Corporation's design tools, logic functions 
and other software and tools, and its AMPP partner logic 
functions, and any output files from any of the foregoing 
(including device programming or simulation files), and any 
associated documentation or information are expressly subject 
to the terms and conditions of the Intel Program License 
Subscription Agreement, the Intel Quartus Prime License Agreement,
the Intel MegaCore Function License Agreement, or other 
applicable license agreement, including, without limitation, 
that your use is for the sole purpose of programming logic 
devices manufactured by Intel and sold by Intel or its 
authorized distributors.  Please refer to the applicable 
agreement for further details.



+----------------------------------------------------------------------------------+
; Flow Summary                                                                     ;
+------------------------------------+---------------------------------------------+
; Flow Status                        ; Successful - Sat Apr 12 15:36:39 2025       ;
; Quartus Prime Version              ; 16.1.0 Build 196 10/24/2016 SJ Lite Edition ;
; Revision Name                      ; aes_encrypter                               ;
; Top-level Entity Name              ; aes_encrypter                               ;
; Family                             ; Cyclone IV E                                ;
; Total logic elements               ; 39,257 / 75,408 ( 52 % )                    ;
;     Total combinational functions  ; 38,210 / 75,408 ( 51 % )                    ;
;     Dedicated logic registers      ; 4,526 / 75,408 ( 6 % )                      ;
; Total registers                    ; 4655                                        ;
; Total pins                         ; 388 / 427 ( 91 % )                          ;
; Total virtual pins                 ; 0                                           ;
; Total memory bits                  ; 0 / 2,810,880 ( 0 % )                       ;
; Embedded Multiplier 9-bit elements ; 0 / 400 ( 0 % )                             ;
; Total PLLs                         ; 0 / 4 ( 0 % )                               ;
; Device                             ; EP4CE75F29C6                                ;
; Timing Models                      ; Final                                       ;
+------------------------------------+---------------------------------------------+


+-----------------------------------------+
; Flow Settings                           ;
+-------------------+---------------------+
; Option            ; Setting             ;
+-------------------+---------------------+
; Start date & time ; 04/12/2025 15:26:43 ;
; Main task         ; Compilation         ;
; Revision Name     ; aes_encrypter       ;
+-------------------+---------------------+


+------------------------------------------------------------------------------------------------------------------------------+
; Flow Non-Default Global Settings                                                                                             ;
+--------------------------------------+----------------------------------------+---------------+-------------+----------------+
; Assignment Name                      ; Value                                  ; Default Value ; Entity Name ; Section Id     ;
+--------------------------------------+----------------------------------------+---------------+-------------+----------------+
; COMPILER_SIGNATURE_ID                ; 127943353465186.174445360301536        ; --            ; --          ; --             ;
; EDA_OUTPUT_DATA_FORMAT               ; Systemverilog Hdl                      ; --            ; --          ; eda_simulation ;
; EDA_SIMULATION_TOOL                  ; ModelSim-Altera (SystemVerilog)        ; <None>        ; --          ; --             ;
; FITTER_EFFORT                        ; Standard Fit                           ; Auto Fit      ; --          ; --             ;
; OPTIMIZATION_MODE                    ; High Performance Effort                ; Balanced      ; --          ; --             ;
; PARTITION_COLOR                      ; -- (Not supported for targeted family) ; --            ; --          ; Top            ;
; PARTITION_FITTER_PRESERVATION_LEVEL  ; -- (Not supported for targeted family) ; --            ; --          ; Top            ;
; PARTITION_NETLIST_TYPE               ; -- (Not supported for targeted family) ; --            ; --          ; Top            ;
; PHYSICAL_SYNTHESIS_COMBO_LOGIC       ; On                                     ; Off           ; --          ; --             ;
; PHYSICAL_SYNTHESIS_REGISTER_RETIMING ; On                                     ; Off           ; --          ; --             ;
; PLACEMENT_EFFORT_MULTIPLIER          ; 4.0                                    ; 1.0           ; --          ; --             ;
; PROJECT_OUTPUT_DIRECTORY             ; output_files                           ; --            ; --          ; --             ;
; ROUTER_TIMING_OPTIMIZATION_LEVEL     ; MAXIMUM                                ; Normal        ; --          ; --             ;
+--------------------------------------+----------------------------------------+---------------+-------------+----------------+


+-------------------------------------------------------------------------------------------------------------------------------+
; Flow Elapsed Time                                                                                                             ;
+---------------------------+--------------+-------------------------+---------------------+------------------------------------+
; Module Name               ; Elapsed Time ; Average Processors Used ; Peak Virtual Memory ; Total CPU Time (on all processors) ;
+---------------------------+--------------+-------------------------+---------------------+------------------------------------+
; Analysis & Synthesis      ; 00:04:54     ; 1.0                     ; 5080 MB             ; 00:02:00                           ;
; Fitter                    ; 00:04:16     ; 1.2                     ; 6492 MB             ; 00:03:22                           ;
; Assembler                 ; 00:00:03     ; 1.0                     ; 4764 MB             ; 00:00:01                           ;
; TimeQuest Timing Analyzer ; 00:00:09     ; 1.9                     ; 5181 MB             ; 00:00:04                           ;
; EDA Netlist Writer        ; 00:00:23     ; 1.0                     ; 4901 MB             ; 00:00:09                           ;
; Total                     ; 00:09:45     ; --                      ; --                  ; 00:05:36                           ;
+---------------------------+--------------+-------------------------+---------------------+------------------------------------+


+-----------------------------------------------------------------------------------------+
; Flow OS Summary                                                                         ;
+---------------------------+------------------+------------+------------+----------------+
; Module Name               ; Machine Hostname ; OS Name    ; OS Version ; Processor type ;
+---------------------------+------------------+------------+------------+----------------+
; Analysis & Synthesis      ; DESKTOP-8BL3MIG  ; Windows 10 ; 10.0       ; x86_64         ;
; Fitter                    ; DESKTOP-8BL3MIG  ; Windows 10 ; 10.0       ; x86_64         ;
; Assembler                 ; DESKTOP-8BL3MIG  ; Windows 10 ; 10.0       ; x86_64         ;
; TimeQuest Timing Analyzer ; DESKTOP-8BL3MIG  ; Windows 10 ; 10.0       ; x86_64         ;
; EDA Netlist Writer        ; DESKTOP-8BL3MIG  ; Windows 10 ; 10.0       ; x86_64         ;
+---------------------------+------------------+------------+------------+----------------+


------------
; Flow Log ;
------------
quartus_map --read_settings_files=on --write_settings_files=off aes_encrypter -c aes_encrypter
quartus_fit --read_settings_files=off --write_settings_files=off aes_encrypter -c aes_encrypter
quartus_asm --read_settings_files=off --write_settings_files=off aes_encrypter -c aes_encrypter
quartus_sta aes_encrypter -c aes_encrypter
quartus_eda --read_settings_files=off --write_settings_files=off aes_encrypter -c aes_encrypter



